#
# A fatal error has been detected by the Java Runtime Environment:
#
#  EXCEPTION_ACCESS_VIOLATION (0xc0000005) at pc=0x00007ffd6efc26c4, pid=10140, tid=13244
#
# JRE version: Java(TM) SE Runtime Environment (25.0.2+10) (build 25.0.2+10-LTS-69)
# Java VM: Java HotSpot(TM) 64-Bit Server VM (25.0.2+10-LTS-69, mixed mode, emulated-client, sharing, tiered, compressed oops, compressed class ptrs, g1 gc, windows-amd64)
# Problematic frame:
# C  [libasyncProfiler.dll+0x926c4]
#
# No core dump will be written. Minidumps are not enabled by default on client versions of Windows
#
# JFR recording file will be written. Location: C:\Users\User\Desktop\billing system\billing-system\hs_err_pid10140.jfr
#
# If you would like to submit a bug report, please visit:
#   https://bugreport.java.com/bugreport/crash.jsp
# The crash happened outside the Java Virtual Machine in native code.
# See problematic frame for where to report the bug.
#

---------------  S U M M A R Y ------------

Command Line: -XX:TieredStopAtLevel=1 -Dspring.output.ansi.enabled=always -Dcom.sun.management.jmxremote -Dspring.jmx.enabled=true -Dspring.liveBeansView.mbeanDomain -Dspring.application.admin.enabled=true -Dmanagement.endpoints.jmx.exposure.include=* -javaagent:C:\Program Files\JetBrains\IntelliJ IDEA 2025.1.1.1\lib\idea_rt.jar=61967 -agentpath:C:\Users\User\AppData\Local\Temp\idea_libasyncProfiler_dll_temp_folder\libasyncProfiler.dll=start,jfr,event=wall,interval=10ms,jfrsync=profile,cstack=no,file=C:\Users\User\IdeaSnapshots\BillingSystemApplication_2026_03_21_200131.jfr,dbghelppath=C:\Users\User\AppData\Local\Temp\idea_dbghelp_dll_temp_folder\dbghelp.dll,log=C:\Users\User\AppData\Local\Temp\BillingSystemApplication_2026_03_21_200131.jfr.log.txt,logLevel=DEBUG -Dfile.encoding=UTF-8 -Dsun.stdout.encoding=UTF-8 -Dsun.stderr.encoding=UTF-8 com.urbanplate.billing.BillingSystemApplication

Host: Intel(R) Pentium(R) CPU 5405U @ 2.30GHz, 4 cores, 3G,  Windows 10 , 64 bit Build 19041 (10.0.19041.5915)
Time: Sat Mar 21 20:01:41 2026 Sri Lanka Standard Time elapsed time: 7.278691 seconds (0d 0h 0m 7s)

---------------  T H R E A D  ---------------

Current thread (0x00000234727783d0):  JavaThread "main"             [_thread_in_native, id=13244, stack(0x000000d231a00000,0x000000d231b00000) (1024K)]

Stack: [0x000000d231a00000,0x000000d231b00000],  sp=0x000000d231afec70,  free space=1019k
Native frames: (J=compiled Java code, j=interpreted, Vv=VM code, C=native code)
C  [libasyncProfiler.dll+0x926c4]  (no source info available)
C  [libasyncProfiler.dll+0x92b9b]  (no source info available)
C  [libasyncProfiler.dll+0x917f4]  (no source info available)
C  [libasyncProfiler.dll+0x9206a]  (no source info available)
C  [libasyncProfiler.dll+0x8cc21]  (no source info available)
C  [libasyncProfiler.dll+0x7e5e1]  (no source info available)
C  [libasyncProfiler.dll+0x7d2f8]  (no source info available)
C  [libasyncProfiler.dll+0x7d1e0]  (no source info available)
C  [libasyncProfiler.dll+0x832fc]  (no source info available)
V  [jvm.dll+0x64b1ae]  (no source info available)
V  [jvm.dll+0x910f3d]  (no source info available)
V  [jvm.dll+0x4f9331]  (no source info available)
V  [jvm.dll+0x4fabc1]  (no source info available)
C  [jli.dll+0x543e]  (no source info available)
C  [ucrtbase.dll+0x21bb2]  (no source info available)
C  [KERNEL32.DLL+0x17374]  (no source info available)
C  [ntdll.dll+0x4cc91]  (no source info available)


siginfo: EXCEPTION_ACCESS_VIOLATION (0xc0000005), reading address 0xffffffffffffffff


Registers:
RAX=0x0000000000000010, RBX=0x0000000000000000, RCX=0xffffffffffffffff, RDX=0x007ffd87c1650010
RSP=0x000000d231afec70, RBP=0x00000234070c7830, RSI=0x000000d231afede0, RDI=0x00000234070c7830
R8 =0x0000000000000042, R9 =0x00000000c5d01eb8, R10=0x00007ffd87e9f480, R11=0x0000000000000002
R12=0x000000d231afede0, R13=0x00000234708eacd0, R14=0x0000023472778818, R15=0x0000023472778818
RIP=0x00007ffd6efc26c4, EFLAGS=0x0000000000010202

XMM[0]=0x0000000000000000 0x0000000000000000
XMM[1]=0x0000000000000000 0x0000000000000000
XMM[2]=0x0000000000000000 0x0000000000000000
XMM[3]=0x0000000000000000 0x0000000000000000
XMM[4]=0x0000000000000000 0x0000000000000000
XMM[5]=0x0000000000000000 0x0000000000000000
XMM[6]=0x0000000000000000 0x0000000000000000
XMM[7]=0x0000000000000000 0x0000000000000000
XMM[8]=0x0000000000000000 0x0000000000000000
XMM[9]=0x0000000000000000 0x0000000000000000
XMM[10]=0x0000000000000000 0x0000000000000000
XMM[11]=0x0000000000000000 0x0000000000000000
XMM[12]=0x0000000000000000 0x0000000000000000
XMM[13]=0x0000000000000000 0x0000000000000000
XMM[14]=0x0000000000000000 0x0000000000000000
XMM[15]=0x0000000000000000 0x0000000000000000
  MXCSR=0x00001fa0


Register to memory mapping:

RAX=0x0000000000000010 is an unknown value
RBX=0x0 is null
RCX=0xffffffffffffffff is an unknown value
RDX=0x007ffd87c1650010 is an unknown value
RSP=0x000000d231afec70 is pointing into the stack for thread: 0x00000234727783d0
RBP=0x00000234070c7830 points into unknown readable memory: 0x00000000c5d01eb8 | b8 1e d0 c5 00 00 00 00
RSI=0x000000d231afede0 is pointing into the stack for thread: 0x00000234727783d0
RDI=0x00000234070c7830 points into unknown readable memory: 0x00000000c5d01eb8 | b8 1e d0 c5 00 00 00 00
R8 =0x0000000000000042 is an unknown value
R9 =0x00000000c5d01eb8 is an oop: java.lang.Thread 
{0x00000000c5d01eb8} - klass: 'java/lang/Thread' - flags: 

 - ---- fields (total size 14 words):
 - 'threadLocalRandomProbe' 'I' @12  0 (0x00000000)
 - private volatile 'eetop' 'J' @16  2424281990096 (0x00000234727783d0)
 - private final 'tid' 'J' @24  3 (0x0000000000000003)
 - 'threadLocalRandomSeed' 'J' @32  0 (0x0000000000000000)
 - injected 'jvmti_thread_state' 'J' @40  2424249982240 (0x00000234708f1d20)
 - 'threadLocalRandomSecondarySeed' 'I' @48  0 (0x00000000)
 - injected 'jvmti_VTMS_transition_disable_count' 'I' @52  0 (0x00000000)
 - injected 'jfr_epoch' 'S' @56  0 (0x0000)
 - volatile 'interrupted' 'Z' @58  false (0x00)
 - injected 'jvmti_is_in_VTMS_transition' 'Z' @59  false (0x00)
 - private volatile 'name' 'Ljava/lang/String;' @60  "main"{0x00000000c5d01f28} (0xc5d01f28)
 - private volatile 'contextClassLoader' 'Ljava/lang/ClassLoader;' @64  a 'jdk/internal/loader/ClassLoaders$AppClassLoader'{0x00000000c5d340d0} (0xc5d340d0)
 - private final 'holder' 'Ljava/lang/Thread$FieldHolder;' @68  a 'java/lang/Thread$FieldHolder'{0x00000000c5d01f68} (0xc5d01f68)
 - private 'threadLocals' 'Ljava/lang/ThreadLocal$ThreadLocalMap;' @72  null (0x00000000)
 - private 'inheritableThreadLocals' 'Ljava/lang/ThreadLocal$ThreadLocalMap;' @76  null (0x00000000)
 - private 'scopedValueBindings' 'Ljava/lang/Object;' @80  a 'java/lang/Class'{0x00000000ffe7e7e0} = 'java/lang/Thread' (0xffe7e7e0)
 - final 'interruptLock' 'Ljava/lang/Object;' @84  a 'java/lang/Object'{0x00000000c5d01f58} (0xc5d01f58)
 - private volatile 'parkBlocker' 'Ljava/lang/Object;' @88  null (0x00000000)
 - private 'nioBlocker' 'Lsun/nio/ch/Interruptible;' @92  null (0x00000000)
 - private 'cont' 'Ljdk/internal/vm/Continuation;' @96  null (0x00000000)
 - private volatile 'uncaughtExceptionHandler' 'Ljava/lang/Thread$UncaughtExceptionHandler;' @100  null (0x00000000)
 - private 'container' 'Ljdk/internal/vm/ThreadContainer;' @104  null (0x00000000)
 - private volatile 'headStackableScopes' 'Ljdk/internal/vm/StackableScope;' @108  null (0x00000000)
R10=0x00007ffd87e9f480 jvm.dll
R11=0x0000000000000002 is an unknown value
R12=0x000000d231afede0 is pointing into the stack for thread: 0x00000234727783d0
R13=0x00000234708eacd0 points into unknown readable memory: 0x00007ffd87e0fc50 | 50 fc e0 87 fd 7f 00 00
R14=0x0000023472778818 points into unknown readable memory: 0x00007ffd87e06ba0 | a0 6b e0 87 fd 7f 00 00
R15=0x0000023472778818 points into unknown readable memory: 0x00007ffd87e06ba0 | a0 6b e0 87 fd 7f 00 00

Top of Stack: (sp=0x000000d231afec70)
0x000000d231afec70:   000000d231afede0 00000234070c7830   ...1....0x..4...
0x000000d231afec80:   0000000000000000 0000023472778ba8   ..........wr4...
0x000000d231afec90:   0000000000000019 00007ffd6efc2b9b   .........+.n....
0x000000d231afeca0:   0000000000000000 0000023472778818   ..........wr4...
0x000000d231afecb0:   000000d231afed01 0000000000000000   ...1............
0x000000d231afecc0:   0000023408849bf0 00007ffd6efc17f4   ....4......n....
0x000000d231afecd0:   0000000000000000 0000000000000019   ................
0x000000d231afece0:   0000000000000000 0000000000000019   ................
0x000000d231afecf0:   0000000900000000 00000234087f5af0   .........Z..4...
0x000000d231afed00:   0000023408849bf0 0000023408849c54   ....4...T...4...
0x000000d231afed10:   0000023408849c60 000000d200003130   `...4...01......
0x000000d231afed20:   0000000000000000 0000000000000000   ................
0x000000d231afed30:   0000000000000000 00007ffd87608434   ........4.`.....
0x000000d231afed40:   00007ffd6f104ca0 000000000000279c   .L.o.....'......
0x000000d231afed50:   00007ffd6f104ca0 00000000ffffffff   .L.o............
0x000000d231afed60:   0000000000000000 00007ffd6efc206a   ........j .n....
0x000000d231afed70:   0000023472778818 0000000000000000   ..wr4...........
0x000000d231afed80:   000000d231afede9 00000234708eacd0   ...1.......p4...
0x000000d231afed90:   00000234088e5040 0000000000000000   @P..4...........
0x000000d231afeda0:   0000023470890000 00007ffd6f0af108   ...p4......o....
0x000000d231afedb0:   0000023472778818 00007ffd6f104ca0   ..wr4....L.o....
0x000000d231afedc0:   0000000000100000 0000000000001000   ................
0x000000d231afedd0:   000000d231afef78 0000023472778818   x..1......wr4...
0x000000d231afede0:   000002347f93b770 000002347f93ba90   p...4.......4...
0x000000d231afedf0:   000002347f93ba90 00007ffd6f104ca0   ....4....L.o....
0x000000d231afee00:   000000d231afef78 00000234708b0000   x..1.......p4...
0x000000d231afee10:   000000d231aff0b0 0000000000008840   ...1....@.......
0x000000d231afee20:   00007ffd6f0f7080 00007ffd6f104cf0   .p.o.....L.o....
0x000000d231afee30:   0000000000989680 0000000000989680   ................
0x000000d231afee40:   000000d231afef50 00007ffd6efbcc21   P..1....!..n....
0x000000d231afee50:   00007ffd6f104ca0 00007ffd6f104cf8   .L.o.....L.o....
0x000000d231afee60:   00007ffd00000000 00007ffd00000001   ................

Instructions: (pc=0x00007ffd6efc26c4)
  0x00007ffd6efc25c4:   cc cc cc cc cc cc cc cc cc cc cc cc cc cc cc cc
  0x00007ffd6efc25d4:   cc cc cc cc cc cc cc cc cc cc cc cc cc cc cc cc
  0x00007ffd6efc25e4:   cc cc cc cc cc cc cc cc cc cc cc cc cc cc cc cc
  0x00007ffd6efc25f4:   cc cc cc cc cc cc cc cc cc cc cc cc cc cc cc cc
  0x00007ffd6efc2604:   cc cc cc cc cc cc cc cc cc cc cc cc cc cc cc cc
  0x00007ffd6efc2614:   cc cc cc cc cc cc cc cc cc cc cc cc cc cc cc cc
  0x00007ffd6efc2624:   cc cc cc cc cc cc cc cc cc cc cc cc cc cc cc cc
  0x00007ffd6efc2634:   cc cc cc cc cc cc cc cc cc cc cc cc cc cc cc cc
  0x00007ffd6efc2644:   cc cc cc cc cc cc cc cc cc cc cc cc 40 57 48 83
  0x00007ffd6efc2654:   ec 20 48 8b f9 48 8b 0d 10 28 14 00 48 85 c9 74
  0x00007ffd6efc2664:   20 48 8b 01 48 8d 54 24 38 41 b8 06 00 01 00 4c
  0x00007ffd6efc2674:   8b 48 30 41 ff d1 85 c0 75 07 48 8b 4c 24 38 eb
  0x00007ffd6efc2684:   02 33 c9 4c 8b 05 ea 28 14 00 48 89 5c 24 30 4d
  0x00007ffd6efc2694:   85 c0 74 4a 48 8b 01 48 8b d7 4c 8b 88 28 03 00
  0x00007ffd6efc26a4:   00 41 ff d1 48 85 c0 74 35 48 63 0d f8 e6 13 00
  0x00007ffd6efc26b4:   48 8b 14 01 48 85 d2 74 15 48 63 05 fc e6 13 00
=>0x00007ffd6efc26c4:   8b 04 10 48 8b 5c 24 30 48 83 c4 20 5f c3 b8 ff
  0x00007ffd6efc26d4:   ff ff ff 48 8b 5c 24 30 48 83 c4 20 5f c3 80 3d
  0x00007ffd6efc26e4:   9b 27 14 00 00 bb ff ff ff ff 74 20 4c 8b 0d 31
  0x00007ffd6efc26f4:   24 14 00 4c 8d 44 24 38 48 8b 0d 15 24 14 00 48
  0x00007ffd6efc2704:   8b d7 41 ff d1 85 c0 0f 44 5c 24 38 8b c3 48 8b
  0x00007ffd6efc2714:   5c 24 30 48 83 c4 20 5f c3 cc cc cc cc cc cc cc
  0x00007ffd6efc2724:   cc cc cc cc cc cc cc cc cc cc cc cc cc cc cc cc
  0x00007ffd6efc2734:   cc cc cc cc cc cc cc cc cc cc cc cc cc cc cc cc
  0x00007ffd6efc2744:   cc cc cc cc cc cc cc cc cc cc cc cc 48 89 54 24
  0x00007ffd6efc2754:   10 53 55 56 57 41 56 41 57 48 83 ec 28 48 8b f2
  0x00007ffd6efc2764:   4c 8b f1 48 89 4c 24 78 45 33 ff 44 89 7c 24 68
  0x00007ffd6efc2774:   c7 44 24 60 01 00 00 00 48 8d 4c 24 68 e8 ed 42
  0x00007ffd6efc2784:   f7 ff 8b d8 48 8d 4c 24 60 e8 e1 42 f7 ff 8b e8
  0x00007ffd6efc2794:   49 8b ce e8 00 fc f6 ff 48 8b f8 90 8b c3 f0 0f
  0x00007ffd6efc27a4:   b1 2f 74 04 f3 90 eb f4 4c 89 3e 4c 89 7e 08 4c
  0x00007ffd6efc27b4:   89 7e 10 49 8b 6e 08 4d 8b 76 10 49 3b ee 0f 84


Stack slot to memory mapping:

stack at sp + 0 slots: 0x000000d231afede0 is pointing into the stack for thread: 0x00000234727783d0
stack at sp + 1 slots: 0x00000234070c7830 points into unknown readable memory: 0x00000000c5d01eb8 | b8 1e d0 c5 00 00 00 00
stack at sp + 2 slots: 0x0 is null
stack at sp + 3 slots: 0x0000023472778ba8 points into unknown readable memory: 0x6e616c2e6176616a | 6a 61 76 61 2e 6c 61 6e
stack at sp + 4 slots: 0x0000000000000019 is an unknown value
stack at sp + 5 slots: 0x00007ffd6efc2b9b libasyncProfiler.dll
stack at sp + 6 slots: 0x0 is null
stack at sp + 7 slots: 0x0000023472778818 points into unknown readable memory: 0x00007ffd87e06ba0 | a0 6b e0 87 fd 7f 00 00

Lock stack of current Java thread (top to bottom):


---------------  P R O C E S S  ---------------

Threads class SMR info:
_java_thread_list=0x000002340881e490, length=13, elements={
0x00000234727783d0, 0x000002347f7fd910, 0x000002347f7feb10, 0x000002347f803d20,
0x000002347f806100, 0x000002347f806cc0, 0x000002347f807880, 0x000002347f80a1e0,
0x000002347f94eaa0, 0x00000234070c3800, 0x00000234077fe020, 0x000002340883fb00,
0x000002347f8f1870
}

Java Threads: ( => current thread )
=>0x00000234727783d0 JavaThread "main"                              [_thread_in_native, id=13244, stack(0x000000d231a00000,0x000000d231b00000) (1024K)]
  0x000002347f7fd910 JavaThread "Reference Handler"          daemon [_thread_blocked, id=3676, stack(0x000000d232200000,0x000000d232300000) (1024K)]
  0x000002347f7feb10 JavaThread "Finalizer"                  daemon [_thread_blocked, id=10684, stack(0x000000d232300000,0x000000d232400000) (1024K)]
  0x000002347f803d20 JavaThread "Signal Dispatcher"          daemon [_thread_blocked, id=10708, stack(0x000000d232400000,0x000000d232500000) (1024K)]
  0x000002347f806100 JavaThread "Attach Listener"            daemon [_thread_blocked, id=3536, stack(0x000000d232500000,0x000000d232600000) (1024K)]
  0x000002347f806cc0 JavaThread "Service Thread"             daemon [_thread_blocked, id=6088, stack(0x000000d232600000,0x000000d232700000) (1024K)]
  0x000002347f807880 JavaThread "Monitor Deflation Thread"   daemon [_thread_blocked, id=15316, stack(0x000000d232700000,0x000000d232800000) (1024K)]
  0x000002347f80a1e0 JavaThread "C1 CompilerThread0"         daemon [_thread_blocked, id=1440, stack(0x000000d232800000,0x000000d232900000) (1024K)]
  0x000002347f94eaa0 JavaThread "Common-Cleaner"             daemon [_thread_blocked, id=16112, stack(0x000000d232b00000,0x000000d232c00000) (1024K)]
  0x00000234070c3800 JavaThread "Monitor Ctrl-Break"         daemon [_thread_in_native, id=7872, stack(0x000000d232c00000,0x000000d232d00000) (1024K)]
  0x00000234077fe020 JavaThread "JFR Recorder Thread"        daemon [_thread_in_native, id=6608, stack(0x000000d232e00000,0x000000d232f00000) (1024K)]
  0x000002340883fb00 JavaThread "JFR Periodic Tasks"         daemon [_thread_blocked, id=12592, stack(0x000000d232d00000,0x000000d232e00000) (1024K)]
  0x000002347f8f1870 JavaThread "SIGINT handler"             daemon [_thread_in_Java, id=10096, stack(0x000000d232900000,0x000000d232a00000) (1024K)]
Total: 13

Other Threads:
  0x000002347f7e8230 VMThread "VM Thread"                           [id=10544, stack(0x000000d232100000,0x000000d232200000) (1024K)]
  0x00000234729163d0 WatcherThread "VM Periodic Task Thread"        [id=16340, stack(0x000000d232000000,0x000000d232100000) (1024K)]
  0x00000234727b03b0 WorkerThread "GC Thread#0"                     [id=14724, stack(0x000000d231b00000,0x000000d231c00000) (1024K)]
  0x00000234727bff00 ConcurrentGCThread "G1 Main Marker"            [id=3412, stack(0x000000d231c00000,0x000000d231d00000) (1024K)]
  0x00000234727c0aa0 WorkerThread "G1 Conc#0"                       [id=13056, stack(0x000000d231d00000,0x000000d231e00000) (1024K)]
  0x00000234727e5730 ConcurrentGCThread "G1 Refine#0"               [id=12880, stack(0x000000d231e00000,0x000000d231f00000) (1024K)]
  0x00000234727e6340 ConcurrentGCThread "G1 Service"                [id=2124, stack(0x000000d231f00000,0x000000d232000000) (1024K)]
Total: 7

Threads with active compile tasks:
Total: 0

VM state: not at safepoint (normal execution)

VM Mutex/Monitor currently owned by a thread: None

Heap address: 0x00000000c1e00000, size: 994 MB, Compressed Oops mode: 32-bit

CDS archive(s) mapped at: [0x0000000001000000-0x0000000001dd0000-0x0000000001dd0000), size 14483456, SharedBaseAddress: 0x0000000001000000, ArchiveRelocationMode: 1.
Compressed class space mapped at: 0x0000000002000000-0x0000000042000000, reserved size: 1073741824
UseCompressedClassPointers 1, UseCompactObjectHeaders 0
Narrow klass pointer bits 32, Max shift 3
Narrow klass base: 0x0000000001000000, Narrow klass shift: 0
Encoding Range: [0x0000000001000000 - 0x0000000101000000), (4294967296 bytes)
Klass Range:    [0x0000000001010000 - 0x0000000042000000), (1090453504 bytes)
Klass ID Range:  [65536 - 1090519033) (1090453497)
Protection zone: [0x0000000001000000 - 0x0000000001010000), (65536 bytes)

GC Precious Log:
 CardTable entry size: 512
 Card Set container configuration: InlinePtr #cards 5 size 8 Array Of Cards #cards 10 size 36 Howl #buckets 4 coarsen threshold 1843 Howl Bitmap #cards 512 size 80 coarsen threshold 460 Card regions per heap region 1 cards per card region 2048
 CPUs: 4 total, 4 available
 Memory: 3973M
 Large Page Support: Disabled
 NUMA Support: Disabled
 Compressed Oops: Enabled (32-bit)
 Heap Region Size: 1M
 Heap Min Capacity: 8M
 Heap Initial Capacity: 64M
 Heap Max Capacity: 994M
 Pre-touch: Disabled
 Parallel Workers: 4
 Concurrent Workers: 1
 Concurrent Refinement Workers: 4
 Periodic GC: Disabled

Heap:
 garbage-first heap   total reserved 1017856K, committed 67584K, used 25749K [0x00000000c1e00000, 0x0000000100000000)
  region size 1024K, 23 young (23552K), 0 survivors (0K)

Heap Regions: E=young(eden), S=young(survivor), O=old, HS=humongous(starts), HC=humongous(continues), CS=collection set, F=free, TAMS=top-at-mark-start, PB=parsable bottom
|   0|0x00000000c1e00000, 0x00000000c1f00000, 0x00000000c1f00000|100%|HS|  |TAMS 0x00000000c1e00000| PB 0x00000000c1e00000| Complete |  0
|   1|0x00000000c1f00000, 0x00000000c2000000, 0x00000000c2000000|100%|HS|  |TAMS 0x00000000c1f00000| PB 0x00000000c1f00000| Complete |  0
|   2|0x00000000c2000000, 0x00000000c2000000, 0x00000000c2100000|  0%| F|  |TAMS 0x00000000c2000000| PB 0x00000000c2000000| Untracked |  0
|   3|0x00000000c2100000, 0x00000000c2100000, 0x00000000c2200000|  0%| F|  |TAMS 0x00000000c2100000| PB 0x00000000c2100000| Untracked |  0
|   4|0x00000000c2200000, 0x00000000c2200000, 0x00000000c2300000|  0%| F|  |TAMS 0x00000000c2200000| PB 0x00000000c2200000| Untracked |  0
|   5|0x00000000c2300000, 0x00000000c2300000, 0x00000000c2400000|  0%| F|  |TAMS 0x00000000c2300000| PB 0x00000000c2300000| Untracked |  0
|   6|0x00000000c2400000, 0x00000000c2400000, 0x00000000c2500000|  0%| F|  |TAMS 0x00000000c2400000| PB 0x00000000c2400000| Untracked |  0
|   7|0x00000000c2500000, 0x00000000c2500000, 0x00000000c2600000|  0%| F|  |TAMS 0x00000000c2500000| PB 0x00000000c2500000| Untracked |  0
|   8|0x00000000c2600000, 0x00000000c2600000, 0x00000000c2700000|  0%| F|  |TAMS 0x00000000c2600000| PB 0x00000000c2600000| Untracked |  0
|   9|0x00000000c2700000, 0x00000000c2700000, 0x00000000c2800000|  0%| F|  |TAMS 0x00000000c2700000| PB 0x00000000c2700000| Untracked |  0
|  10|0x00000000c2800000, 0x00000000c2800000, 0x00000000c2900000|  0%| F|  |TAMS 0x00000000c2800000| PB 0x00000000c2800000| Untracked |  0
|  11|0x00000000c2900000, 0x00000000c2900000, 0x00000000c2a00000|  0%| F|  |TAMS 0x00000000c2900000| PB 0x00000000c2900000| Untracked |  0
|  12|0x00000000c2a00000, 0x00000000c2a00000, 0x00000000c2b00000|  0%| F|  |TAMS 0x00000000c2a00000| PB 0x00000000c2a00000| Untracked |  0
|  13|0x00000000c2b00000, 0x00000000c2b00000, 0x00000000c2c00000|  0%| F|  |TAMS 0x00000000c2b00000| PB 0x00000000c2b00000| Untracked |  0
|  14|0x00000000c2c00000, 0x00000000c2c00000, 0x00000000c2d00000|  0%| F|  |TAMS 0x00000000c2c00000| PB 0x00000000c2c00000| Untracked |  0
|  15|0x00000000c2d00000, 0x00000000c2d00000, 0x00000000c2e00000|  0%| F|  |TAMS 0x00000000c2d00000| PB 0x00000000c2d00000| Untracked |  0
|  16|0x00000000c2e00000, 0x00000000c2e00000, 0x00000000c2f00000|  0%| F|  |TAMS 0x00000000c2e00000| PB 0x00000000c2e00000| Untracked |  0
|  17|0x00000000c2f00000, 0x00000000c2f00000, 0x00000000c3000000|  0%| F|  |TAMS 0x00000000c2f00000| PB 0x00000000c2f00000| Untracked |  0
|  18|0x00000000c3000000, 0x00000000c3000000, 0x00000000c3100000|  0%| F|  |TAMS 0x00000000c3000000| PB 0x00000000c3000000| Untracked |  0
|  19|0x00000000c3100000, 0x00000000c3100000, 0x00000000c3200000|  0%| F|  |TAMS 0x00000000c3100000| PB 0x00000000c3100000| Untracked |  0
|  20|0x00000000c3200000, 0x00000000c3200000, 0x00000000c3300000|  0%| F|  |TAMS 0x00000000c3200000| PB 0x00000000c3200000| Untracked |  0
|  21|0x00000000c3300000, 0x00000000c3300000, 0x00000000c3400000|  0%| F|  |TAMS 0x00000000c3300000| PB 0x00000000c3300000| Untracked |  0
|  22|0x00000000c3400000, 0x00000000c3400000, 0x00000000c3500000|  0%| F|  |TAMS 0x00000000c3400000| PB 0x00000000c3400000| Untracked |  0
|  23|0x00000000c3500000, 0x00000000c3500000, 0x00000000c3600000|  0%| F|  |TAMS 0x00000000c3500000| PB 0x00000000c3500000| Untracked |  0
|  24|0x00000000c3600000, 0x00000000c3600000, 0x00000000c3700000|  0%| F|  |TAMS 0x00000000c3600000| PB 0x00000000c3600000| Untracked |  0
|  25|0x00000000c3700000, 0x00000000c3700000, 0x00000000c3800000|  0%| F|  |TAMS 0x00000000c3700000| PB 0x00000000c3700000| Untracked |  0
|  26|0x00000000c3800000, 0x00000000c3800000, 0x00000000c3900000|  0%| F|  |TAMS 0x00000000c3800000| PB 0x00000000c3800000| Untracked |  0
|  27|0x00000000c3900000, 0x00000000c3900000, 0x00000000c3a00000|  0%| F|  |TAMS 0x00000000c3900000| PB 0x00000000c3900000| Untracked |  0
|  28|0x00000000c3a00000, 0x00000000c3a00000, 0x00000000c3b00000|  0%| F|  |TAMS 0x00000000c3a00000| PB 0x00000000c3a00000| Untracked |  0
|  29|0x00000000c3b00000, 0x00000000c3b00000, 0x00000000c3c00000|  0%| F|  |TAMS 0x00000000c3b00000| PB 0x00000000c3b00000| Untracked |  0
|  30|0x00000000c3c00000, 0x00000000c3c00000, 0x00000000c3d00000|  0%| F|  |TAMS 0x00000000c3c00000| PB 0x00000000c3c00000| Untracked |  0
|  31|0x00000000c3d00000, 0x00000000c3d00000, 0x00000000c3e00000|  0%| F|  |TAMS 0x00000000c3d00000| PB 0x00000000c3d00000| Untracked |  0
|  32|0x00000000c3e00000, 0x00000000c3e00000, 0x00000000c3f00000|  0%| F|  |TAMS 0x00000000c3e00000| PB 0x00000000c3e00000| Untracked |  0
|  33|0x00000000c3f00000, 0x00000000c3f00000, 0x00000000c4000000|  0%| F|  |TAMS 0x00000000c3f00000| PB 0x00000000c3f00000| Untracked |  0
|  34|0x00000000c4000000, 0x00000000c4000000, 0x00000000c4100000|  0%| F|  |TAMS 0x00000000c4000000| PB 0x00000000c4000000| Untracked |  0
|  35|0x00000000c4100000, 0x00000000c4100000, 0x00000000c4200000|  0%| F|  |TAMS 0x00000000c4100000| PB 0x00000000c4100000| Untracked |  0
|  36|0x00000000c4200000, 0x00000000c4200000, 0x00000000c4300000|  0%| F|  |TAMS 0x00000000c4200000| PB 0x00000000c4200000| Untracked |  0
|  37|0x00000000c4300000, 0x00000000c4300000, 0x00000000c4400000|  0%| F|  |TAMS 0x00000000c4300000| PB 0x00000000c4300000| Untracked |  0
|  38|0x00000000c4400000, 0x00000000c4400000, 0x00000000c4500000|  0%| F|  |TAMS 0x00000000c4400000| PB 0x00000000c4400000| Untracked |  0
|  39|0x00000000c4500000, 0x00000000c4500000, 0x00000000c4600000|  0%| F|  |TAMS 0x00000000c4500000| PB 0x00000000c4500000| Untracked |  0
|  40|0x00000000c4600000, 0x00000000c4600000, 0x00000000c4700000|  0%| F|  |TAMS 0x00000000c4600000| PB 0x00000000c4600000| Untracked |  0
|  41|0x00000000c4700000, 0x00000000c4780000, 0x00000000c4800000| 50%| E|  |TAMS 0x00000000c4700000| PB 0x00000000c4700000| Complete |  0
|  42|0x00000000c4800000, 0x00000000c4900000, 0x00000000c4900000|100%| E|CS|TAMS 0x00000000c4800000| PB 0x00000000c4800000| Complete |  0
|  43|0x00000000c4900000, 0x00000000c4a00000, 0x00000000c4a00000|100%| E|CS|TAMS 0x00000000c4900000| PB 0x00000000c4900000| Complete |  0
|  44|0x00000000c4a00000, 0x00000000c4b00000, 0x00000000c4b00000|100%| E|CS|TAMS 0x00000000c4a00000| PB 0x00000000c4a00000| Complete |  0
|  45|0x00000000c4b00000, 0x00000000c4c00000, 0x00000000c4c00000|100%| E|CS|TAMS 0x00000000c4b00000| PB 0x00000000c4b00000| Complete |  0
|  46|0x00000000c4c00000, 0x00000000c4d00000, 0x00000000c4d00000|100%| E|CS|TAMS 0x00000000c4c00000| PB 0x00000000c4c00000| Complete |  0
|  47|0x00000000c4d00000, 0x00000000c4e00000, 0x00000000c4e00000|100%| E|CS|TAMS 0x00000000c4d00000| PB 0x00000000c4d00000| Complete |  0
|  48|0x00000000c4e00000, 0x00000000c4f00000, 0x00000000c4f00000|100%| E|CS|TAMS 0x00000000c4e00000| PB 0x00000000c4e00000| Complete |  0
|  49|0x00000000c4f00000, 0x00000000c5000000, 0x00000000c5000000|100%| E|CS|TAMS 0x00000000c4f00000| PB 0x00000000c4f00000| Complete |  0
|  50|0x00000000c5000000, 0x00000000c5100000, 0x00000000c5100000|100%| E|CS|TAMS 0x00000000c5000000| PB 0x00000000c5000000| Complete |  0
|  51|0x00000000c5100000, 0x00000000c5200000, 0x00000000c5200000|100%| E|CS|TAMS 0x00000000c5100000| PB 0x00000000c5100000| Complete |  0
|  52|0x00000000c5200000, 0x00000000c5300000, 0x00000000c5300000|100%| E|CS|TAMS 0x00000000c5200000| PB 0x00000000c5200000| Complete |  0
|  53|0x00000000c5300000, 0x00000000c5400000, 0x00000000c5400000|100%| E|CS|TAMS 0x00000000c5300000| PB 0x00000000c5300000| Complete |  0
|  54|0x00000000c5400000, 0x00000000c5500000, 0x00000000c5500000|100%| E|CS|TAMS 0x00000000c5400000| PB 0x00000000c5400000| Complete |  0
|  55|0x00000000c5500000, 0x00000000c5600000, 0x00000000c5600000|100%| E|CS|TAMS 0x00000000c5500000| PB 0x00000000c5500000| Complete |  0
|  56|0x00000000c5600000, 0x00000000c5700000, 0x00000000c5700000|100%| E|CS|TAMS 0x00000000c5600000| PB 0x00000000c5600000| Complete |  0
|  57|0x00000000c5700000, 0x00000000c5800000, 0x00000000c5800000|100%| E|CS|TAMS 0x00000000c5700000| PB 0x00000000c5700000| Complete |  0
|  58|0x00000000c5800000, 0x00000000c5900000, 0x00000000c5900000|100%| E|CS|TAMS 0x00000000c5800000| PB 0x00000000c5800000| Complete |  0
|  59|0x00000000c5900000, 0x00000000c5a00000, 0x00000000c5a00000|100%| E|CS|TAMS 0x00000000c5900000| PB 0x00000000c5900000| Complete |  0
|  60|0x00000000c5a00000, 0x00000000c5b00000, 0x00000000c5b00000|100%| E|CS|TAMS 0x00000000c5a00000| PB 0x00000000c5a00000| Complete |  0
|  61|0x00000000c5b00000, 0x00000000c5c00000, 0x00000000c5c00000|100%| E|CS|TAMS 0x00000000c5b00000| PB 0x00000000c5b00000| Complete |  0
|  62|0x00000000c5c00000, 0x00000000c5d00000, 0x00000000c5d00000|100%| E|CS|TAMS 0x00000000c5c00000| PB 0x00000000c5c00000| Complete |  0
|  63|0x00000000c5d00000, 0x00000000c5e00000, 0x00000000c5e00000|100%| E|CS|TAMS 0x00000000c5d00000| PB 0x00000000c5d00000| Complete |  0
| 992|0x00000000ffe00000, 0x00000000fff00000, 0x00000000fff00000|100%| O|  |TAMS 0x00000000ffe00000| PB 0x00000000ffe00000| Untracked |  0
| 993|0x00000000fff00000, 0x00000000fff257b8, 0x0000000100000000| 14%| O|  |TAMS 0x00000000fff00000| PB 0x00000000fff00000| Untracked |  0

Card table byte_map: [0x000002347f1a0000,0x000002347f3a0000] _byte_map_base: 0x000002347eb91000

Marking Bits: (CMBitMap*) 0x00000234727b3b60
 Bits: [0x0000023400000000, 0x0000023400f88000)

Polling page: 0x0000023470be0000

Metaspace:
Metaspace        used 2865K, committed 3072K, reserved 1114112K
 class space     used 346K, committed 448K, reserved 1048576K

Usage:
  Non-class:      2.46 MB used.
      Class:    346.00 KB used.
       Both:      2.80 MB used.

Virtual space:
  Non-class space:       64.00 MB reserved,       2.56 MB (  4%) committed,  1 nodes.
      Class space:        1.00 GB reserved,     448.00 KB ( <1%) committed,  1 nodes.
             Both:        1.06 GB reserved,       3.00 MB ( <1%) committed. 

Chunk freelists:
   Non-Class:  11.94 MB
       Class:  15.60 MB
        Both:  27.53 MB

MaxMetaspaceSize: unlimited
CompressedClassSpaceSize: 1.00 GB
Initial GC threshold: 21.00 MB
Current GC threshold: 21.00 MB
CDS: on
 - commit_granule_bytes: 65536.
 - commit_granule_words: 8192.
 - virtual_space_node_default_size: 8388608.
 - enlarge_chunks_in_place: 1.
UseCompressedClassPointers 1, UseCompactObjectHeaders 0
Narrow klass pointer bits 32, Max shift 3
Narrow klass base: 0x0000000001000000, Narrow klass shift: 0
Encoding Range: [0x0000000001000000 - 0x0000000101000000), (4294967296 bytes)
Klass Range:    [0x0000000001010000 - 0x0000000042000000), (1090453504 bytes)
Klass ID Range:  [65536 - 1090519033) (1090453497)
Protection zone: [0x0000000001000000 - 0x0000000001010000), (65536 bytes)


Internal statistics:

num_allocs_failed_limit: 0.
num_arena_births: 56.
num_arena_deaths: 0.
num_vsnodes_births: 2.
num_vsnodes_deaths: 0.
num_space_committed: 48.
num_space_uncommitted: 0.
num_chunks_returned_to_freelist: 0.
num_chunks_taken_from_freelist: 59.
num_chunk_merges: 0.
num_chunk_splits: 41.
num_chunks_enlarged: 25.
num_inconsistent_stats: 0.

CodeCache: size=49152Kb used=2583Kb max_used=3701Kb free=46568Kb
 bounds [0x000002347bc70000, 0x000002347c010000, 0x000002347ec70000]
 total_blobs=1809, nmethods=1357, adapters=378, full_count=0
Compilation: enabled, stopped_count=0, restarted_count=0

Compilation events (20 events):
Event: 5.970 Thread 0x000002347f8f1870 1337       1       jdk.jfr.internal.EventControl::getEventType (5 bytes)
Event: 5.970 Thread 0x000002347f8f1870 nmethod 1337 0x000002347c00a908 code [0x000002347c00aa00, 0x000002347c00aac8]
Event: 5.970 Thread 0x000002347f8f87c0 1338       1       jdk.jfr.internal.EventControl::getSettingsId (5 bytes)
Event: 5.970 Thread 0x000002347f8f87c0 nmethod 1338 0x000002347c00ac08 code [0x000002347c00ad00, 0x000002347c00adc8]
Event: 5.970 Thread 0x000002347f8f1870 1339       1       jdk.jfr.internal.EventControl::getNamedControls (5 bytes)
Event: 5.970 Thread 0x000002347f8f1870 nmethod 1339 0x000002347c00af08 code [0x000002347c00b000, 0x000002347c00b0c8]
Event: 5.970 Thread 0x000002347f80a1e0 1340   !   1       jdk.jfr.internal.Control::setValue (69 bytes)
Event: 5.970 Thread 0x000002347f8f87c0 1341       1       jdk.jfr.internal.SettingsManager$InternalSetting::getValues (35 bytes)
Event: 5.971 Thread 0x000002347f8f87c0 nmethod 1341 0x000002347c00b208 code [0x000002347c00b300, 0x000002347c00b510]
Event: 5.971 Thread 0x000002347f8f1870 1342       1       jdk.jfr.internal.Control::apply (10 bytes)
Event: 5.971 Thread 0x000002347f8f1870 nmethod 1342 0x000002347c00b588 code [0x000002347c00b680, 0x000002347c00b7a0]
Event: 5.971 Thread 0x000002347f80a1e0 nmethod 1340 0x000002347c00b888 code [0x000002347c00b980, 0x000002347c00be50]
Event: 5.971 Thread 0x000002347f8f1870 1343       1       jdk.jfr.internal.Control::findCombine (121 bytes)
Event: 5.972 Thread 0x000002347f8f1870 nmethod 1343 0x000002347c00be88 code [0x000002347c00bf80, 0x000002347c00c6f0]
Event: 5.972 Thread 0x000002347f80a1e0 1344       1       java.lang.StringLatin1::getChar (9 bytes)
Event: 5.972 Thread 0x000002347f80a1e0 nmethod 1344 0x000002347c00c708 code [0x000002347c00c800, 0x000002347c00c8d8]
Event: 5.987 Thread 0x000002347f80a1e0 1345       1       jdk.jfr.internal.periodic.EventTask::getEventType (5 bytes)
Event: 5.987 Thread 0x000002347f80a1e0 nmethod 1345 0x000002347c00ce08 code [0x000002347c00cf00, 0x000002347c00cfc8]
Event: 5.989 Thread 0x000002347f8f87c0 1346       1       jdk.jfr.internal.periodic.PeriodicTask::getPeriod (5 bytes)
Event: 5.990 Thread 0x000002347f8f87c0 nmethod 1346 0x000002347c00d108 code [0x000002347c00d200, 0x000002347c00d2c8]

GC Heap Usage History (0 events):
No events

Metaspace Usage History (0 events):
No events

Dll operation events (8 events):
Event: 0.503 Loaded shared library C:\Program Files\Java\jdk-25.0.2\bin\java.dll
Event: 3.349 Loaded shared library C:\Program Files\Java\jdk-25.0.2\bin\zip.dll
Event: 3.363 Loaded shared library C:\Program Files\Java\jdk-25.0.2\bin\instrument.dll
Event: 3.399 Loaded shared library C:\Program Files\Java\jdk-25.0.2\bin\net.dll
Event: 3.412 Loaded shared library C:\Program Files\Java\jdk-25.0.2\bin\nio.dll
Event: 3.431 Loaded shared library C:\Program Files\Java\jdk-25.0.2\bin\zip.dll
Event: 4.270 Loaded shared library C:\Program Files\Java\jdk-25.0.2\bin\extnet.dll
Event: 4.468 Loaded shared library C:\Program Files\Java\jdk-25.0.2\bin\jimage.dll

Deoptimization events (0 events):
No events

Classes loaded (20 events):
Event: 5.437 Loading class jdk/jfr/internal/consumer/RepositoryFiles
Event: 5.449 Loading class jdk/jfr/internal/consumer/RepositoryFiles done
Event: 5.886 Loading class jdk/jfr/internal/SettingsManager$InternalSetting
Event: 5.887 Loading class jdk/jfr/internal/SettingsManager$InternalSetting done
Event: 5.894 Loading class jdk/jfr/internal/util/Rate
Event: 5.935 Loading class jdk/jfr/internal/util/Rate done
Event: 5.935 Loading class jdk/jfr/internal/util/TimespanUnit
Event: 5.935 Loading class jdk/jfr/internal/util/TimespanUnit done
Event: 5.935 Loading class jdk/jfr/internal/util/ValueParser
Event: 5.938 Loading class jdk/jfr/internal/util/ValueParser done
Event: 5.939 Loading class jdk/jfr/internal/util/TimespanRate
Event: 5.940 Loading class jdk/jfr/internal/util/TimespanRate done
Event: 5.973 Loading class java/util/TreeSet
Event: 5.973 Loading class java/util/TreeSet done
Event: 5.976 Loading class java/util/TreeMap$KeySet
Event: 5.977 Loading class java/util/TreeMap$KeySet done
Event: 5.977 Loading class java/util/TreeMap$KeyIterator
Event: 5.977 Loading class java/util/TreeMap$KeyIterator done
Event: 5.979 Loading class jdk/jfr/internal/periodic/PeriodicType
Event: 5.979 Loading class jdk/jfr/internal/periodic/PeriodicType done

Classes unloaded (0 events):
No events

Classes redefined (0 events):
No events

Internal exceptions (17 events):
Event: 3.953 Thread 0x00000234727783d0 Exception <a 'java/lang/NoSuchMethodError'{0x00000000c57fc9e8}: 'void java.lang.invoke.DirectMethodHandle$Holder.invokeStatic(java.lang.Object, java.lang.Object, java.lang.Object)'> (0x00000000c57fc9e8) 
thrown [s\open\src\hotspot\share\interpreter\linkResolver.cpp, line 804]
Event: 3.967 Thread 0x00000234727783d0 Exception <a 'java/lang/NoSuchMethodError'{0x00000000c5652b18}: 'java.lang.Object java.lang.invoke.Invokers$Holder.invokeExact_MT(java.lang.Object, java.lang.Object, java.lang.Object, java.lang.Object, java.lang.Object)'> (0x00000000c5652b18) 
thrown [s\open\src\hotspot\share\interpreter\linkResolver.cpp, line 804]
Event: 4.243 Thread 0x00000234070c3800 Exception <a 'java/lang/NoSuchMethodError'{0x00000000c56dc9e8}: 'java.lang.Object java.lang.invoke.DirectMethodHandle$Holder.invokeStaticInit(java.lang.Object)'> (0x00000000c56dc9e8) 
thrown [s\open\src\hotspot\share\interpreter\linkResolver.cpp, line 804]
Event: 4.284 Thread 0x00000234070c3800 Exception <a 'java/lang/NoSuchMethodError'{0x00000000c56e7658}: 'void java.lang.invoke.DirectMethodHandle$Holder.invokeStatic(java.lang.Object, java.lang.Object)'> (0x00000000c56e7658) 
thrown [s\open\src\hotspot\share\interpreter\linkResolver.cpp, line 804]
Event: 4.552 Thread 0x00000234727783d0 Exception <a 'java/lang/NoSuchMethodError'{0x00000000c5487bc0}: 'void java.lang.invoke.DirectMethodHandle$Holder.invokeStaticInit(java.lang.Object)'> (0x00000000c5487bc0) 
thrown [s\open\src\hotspot\share\interpreter\linkResolver.cpp, line 804]
Event: 4.660 Thread 0x000002347f806100 Exception <a 'java/lang/NoSuchMethodError'{0x00000000c5c7eb80}: 'java.lang.Object java.lang.invoke.DirectMethodHandle$Holder.newInvokeSpecial(java.lang.Object, java.lang.Object, java.lang.Object, int)'> (0x00000000c5c7eb80) 
thrown [s\open\src\hotspot\share\interpreter\linkResolver.cpp, line 804]
Event: 4.661 Thread 0x000002347f806100 Exception <a 'java/lang/NoSuchMethodError'{0x00000000c5308640}: 'java.lang.Object java.lang.invoke.Invokers$Holder.linkToTargetMethod(java.lang.Object, java.lang.Object, int, java.lang.Object)'> (0x00000000c5308640) 
thrown [s\open\src\hotspot\share\interpreter\linkResolver.cpp, line 804]
Event: 4.704 Thread 0x00000234727783d0 Exception <a 'java/lang/NoSuchMethodError'{0x00000000c54f7718}: 'void java.lang.invoke.DirectMethodHandle$Holder.invokeSpecial(java.lang.Object, java.lang.Object, java.lang.Object)'> (0x00000000c54f7718) 
thrown [s\open\src\hotspot\share\interpreter\linkResolver.cpp, line 804]
Event: 4.751 Thread 0x00000234727783d0 Exception <a 'java/lang/NoSuchMethodError'{0x00000000c53df698}: 'java.lang.Object java.lang.invoke.DirectMethodHandle$Holder.newInvokeSpecial(java.lang.Object, java.lang.Object, java.lang.Object, java.lang.Object, java.lang.Object)'> (0x00000000c53df698) 
thrown [s\open\src\hotspot\share\interpreter\linkResolver.cpp, line 804]
Event: 4.851 Thread 0x00000234727783d0 Exception <a 'java/lang/NoSuchMethodError'{0x00000000c516d970}: 'long java.lang.invoke.DirectMethodHandle$Holder.invokeVirtual(java.lang.Object, java.lang.Object)'> (0x00000000c516d970) 
thrown [s\open\src\hotspot\share\interpreter\linkResolver.cpp, line 804]
Event: 4.855 Thread 0x00000234727783d0 Exception <a 'java/lang/NoSuchMethodError'{0x00000000c517cb88}: 'int java.lang.invoke.DirectMethodHandle$Holder.invokeStatic(java.lang.Object, java.lang.Object, java.lang.Object, java.lang.Object)'> (0x00000000c517cb88) 
thrown [s\open\src\hotspot\share\interpreter\linkResolver.cpp, line 804]
Event: 5.138 Thread 0x00000234727783d0 Exception <a 'java/lang/NoSuchMethodError'{0x00000000c4c26408}: 'void java.lang.invoke.DirectMethodHandle$Holder.invokeSpecial(java.lang.Object, java.lang.Object, int)'> (0x00000000c4c26408) 
thrown [s\open\src\hotspot\share\interpreter\linkResolver.cpp, line 804]
Event: 5.139 Thread 0x00000234727783d0 Exception <a 'java/lang/NoSuchMethodError'{0x00000000c4c2e060}: 'void java.lang.invoke.Invokers$Holder.invokeExact_MT(java.lang.Object, int, java.lang.Object)'> (0x00000000c4c2e060) 
thrown [s\open\src\hotspot\share\interpreter\linkResolver.cpp, line 804]
Event: 5.199 Thread 0x000002340883fb00 Exception <a 'java/lang/NoSuchMethodError'{0x00000000c4c81380}: 'long java.lang.invoke.DirectMethodHandle$Holder.invokeSpecial(java.lang.Object, java.lang.Object)'> (0x00000000c4c81380) 
thrown [s\open\src\hotspot\share\interpreter\linkResolver.cpp, line 804]
Event: 5.206 Thread 0x00000234727783d0 Exception <a 'sun/nio/fs/WindowsException'{0x00000000c4c56088}> (0x00000000c4c56088) 
thrown [s\open\src\hotspot\share\prims\jni.cpp, line 516]
Event: 5.263 Thread 0x00000234727783d0 Exception <a 'sun/nio/fs/WindowsException'{0x00000000c4c5b918}> (0x00000000c4c5b918) 
thrown [s\open\src\hotspot\share\prims\jni.cpp, line 516]
Event: 5.296 Thread 0x00000234727783d0 Exception <a 'sun/nio/fs/WindowsException'{0x00000000c4c5e1b8}> (0x00000000c4c5e1b8) 
thrown [s\open\src\hotspot\share\prims\jni.cpp, line 516]

VM Operations (10 events):
Event: 3.314 Executing non-safepoint VM operation: HandshakeAllThreads (Deoptimize)
Event: 3.315 Executing non-safepoint VM operation: HandshakeAllThreads (Deoptimize) done
Event: 4.374 Executing non-safepoint VM operation: HandshakeAllThreads (Deoptimize)
Event: 4.383 Executing non-safepoint VM operation: HandshakeAllThreads (Deoptimize) done
Event: 5.177 Executing non-safepoint VM operation: HandshakeAllThreads (Deoptimize)
Event: 5.197 Executing non-safepoint VM operation: HandshakeAllThreads (Deoptimize) done
Event: 5.202 Executing non-safepoint VM operation: HandshakeAllThreads (Deoptimize)
Event: 5.202 Executing non-safepoint VM operation: HandshakeAllThreads (Deoptimize) done
Event: 5.450 Executing safepoint VM operation: JFRSafepointClear
Event: 5.464 Executing safepoint VM operation: JFRSafepointClear done

Memory protections (0 events):
No events

Nmethod flushes (0 events):
No events

Events (14 events):
Event: 0.818 Thread 0x00000234727783d0 Thread added: 0x00000234727783d0
Event: 1.168 Thread 0x00000234727783d0 Thread added: 0x000002347f7fd910
Event: 1.168 Thread 0x00000234727783d0 Thread added: 0x000002347f7feb10
Event: 1.178 Thread 0x00000234727783d0 Thread added: 0x000002347f803d20
Event: 1.180 Thread 0x00000234727783d0 Thread added: 0x000002347f806100
Event: 1.180 Thread 0x00000234727783d0 Thread added: 0x000002347f806cc0
Event: 1.180 Thread 0x00000234727783d0 Thread added: 0x000002347f807880
Event: 1.184 Thread 0x00000234727783d0 Thread added: 0x000002347f80a1e0
Event: 3.318 Thread 0x000002347f80a1e0 Thread added: 0x000002347f8f1870
Event: 3.319 Thread 0x000002347f80a1e0 Thread added: 0x000002347f8f87c0
Event: 3.385 Thread 0x00000234727783d0 Thread added: 0x000002347f94eaa0
Event: 3.996 Thread 0x00000234727783d0 Thread added: 0x00000234070c3800
Event: 4.539 Thread 0x00000234727783d0 Thread added: 0x00000234077fe020
Event: 5.153 Thread 0x00000234727783d0 Thread added: 0x000002340883fb00


Dynamic libraries:
0x00007ff620aa0000 - 0x00007ff620ab0000 	C:\Program Files\Java\jdk-25.0.2\bin\java.exe
0x00007ffe0e5f0000 - 0x00007ffe0e7e8000 	C:\Windows\SYSTEM32\ntdll.dll
0x00007ffe0d6f0000 - 0x00007ffe0d7b2000 	C:\Windows\System32\KERNEL32.DLL
0x00007ffe0be20000 - 0x00007ffe0c116000 	C:\Windows\System32\KERNELBASE.dll
0x00007ffe0c120000 - 0x00007ffe0c220000 	C:\Windows\System32\ucrtbase.dll
0x00007ffdfb750000 - 0x00007ffdfb767000 	C:\Program Files\Java\jdk-25.0.2\bin\jli.dll
0x00007ffe0d0b0000 - 0x00007ffe0d251000 	C:\Windows\System32\USER32.dll
0x00007ffdd88b0000 - 0x00007ffdd88ce000 	C:\Program Files\Java\jdk-25.0.2\bin\VCRUNTIME140.dll
0x00007ffe0c220000 - 0x00007ffe0c242000 	C:\Windows\System32\win32u.dll
0x00007ffe0d900000 - 0x00007ffe0d92b000 	C:\Windows\System32\GDI32.dll
0x00007ffe0c300000 - 0x00007ffe0c419000 	C:\Windows\System32\gdi32full.dll
0x00007ffe0bd00000 - 0x00007ffe0bd9d000 	C:\Windows\System32\msvcp_win.dll
0x00007ffdfccb0000 - 0x00007ffdfcf4b000 	C:\Windows\WinSxS\amd64_microsoft.windows.common-controls_6595b64144ccf1df_6.0.19041.6456_none_60b8a6cb71f64256\COMCTL32.dll
0x00007ffe0e360000 - 0x00007ffe0e3fe000 	C:\Windows\System32\msvcrt.dll
0x00007ffe0d870000 - 0x00007ffe0d89f000 	C:\Windows\System32\IMM32.DLL
0x00007ffdfbb80000 - 0x00007ffdfbb8c000 	C:\Program Files\Java\jdk-25.0.2\bin\vcruntime140_1.dll
0x00007ffdd1a30000 - 0x00007ffdd1abd000 	C:\Program Files\Java\jdk-25.0.2\bin\msvcp140.dll
0x00007ffd87120000 - 0x00007ffd87f7f000 	C:\Program Files\Java\jdk-25.0.2\bin\server\jvm.dll
0x00007ffe0cff0000 - 0x00007ffe0d0a1000 	C:\Windows\System32\ADVAPI32.dll
0x00007ffe0cf50000 - 0x00007ffe0cfef000 	C:\Windows\System32\sechost.dll
0x00007ffe0c610000 - 0x00007ffe0c730000 	C:\Windows\System32\RPCRT4.dll
0x00007ffe0bda0000 - 0x00007ffe0bdc7000 	C:\Windows\System32\bcrypt.dll
0x00007ffe0d990000 - 0x00007ffe0d9fb000 	C:\Windows\System32\WS2_32.dll
0x00007ffe0ba30000 - 0x00007ffe0ba7b000 	C:\Windows\SYSTEM32\POWRPROF.dll
0x00007ffdfd6c0000 - 0x00007ffdfd6e7000 	C:\Windows\SYSTEM32\WINMM.dll
0x00007ffe08bb0000 - 0x00007ffe08bba000 	C:\Windows\SYSTEM32\VERSION.dll
0x00007ffe0ba10000 - 0x00007ffe0ba22000 	C:\Windows\SYSTEM32\UMPDC.dll
0x00007ffe09b80000 - 0x00007ffe09b92000 	C:\Windows\SYSTEM32\kernel.appcore.dll
0x00007ffdfb8e0000 - 0x00007ffdfb8ea000 	C:\Program Files\Java\jdk-25.0.2\bin\jimage.dll
0x00007ffe094e0000 - 0x00007ffe096e1000 	C:\Windows\SYSTEM32\DBGHELP.DLL
0x00007ffdfb410000 - 0x00007ffdfb444000 	C:\Windows\SYSTEM32\dbgcore.DLL
0x00007ffe0c580000 - 0x00007ffe0c602000 	C:\Windows\System32\bcryptPrimitives.dll
0x00007ffdfb840000 - 0x00007ffdfb850000 	C:\Program Files\Java\jdk-25.0.2\bin\instrument.dll
0x00007ffdfb730000 - 0x00007ffdfb74f000 	C:\Program Files\Java\jdk-25.0.2\bin\java.dll
0x00007ffe0d260000 - 0x00007ffe0d38b000 	C:\Windows\System32\ole32.dll
0x00007ffe0d390000 - 0x00007ffe0d6e4000 	C:\Windows\System32\combase.dll
0x00007ffe0db00000 - 0x00007ffe0e270000 	C:\Windows\System32\SHELL32.dll
0x00007ffd6ef30000 - 0x00007ffd6f128000 	C:\Users\User\AppData\Local\Temp\idea_libasyncProfiler_dll_temp_folder\libasyncProfiler.dll
0x00007ffe09cf0000 - 0x00007ffe0a495000 	C:\Windows\SYSTEM32\windows.storage.dll
0x00007ffe0b5d0000 - 0x00007ffe0b5fb000 	C:\Windows\SYSTEM32\Wldp.dll
0x00007ffe0e400000 - 0x00007ffe0e4cd000 	C:\Windows\System32\OLEAUT32.dll
0x00007ffe0d7c0000 - 0x00007ffe0d86d000 	C:\Windows\System32\SHCORE.dll
0x00007ffe0da10000 - 0x00007ffe0da6b000 	C:\Windows\System32\shlwapi.dll
0x00007ffe0bbb0000 - 0x00007ffe0bbd4000 	C:\Windows\SYSTEM32\profapi.dll
0x00007ffdf9190000 - 0x00007ffdf91a7000 	C:\Program Files\Java\jdk-25.0.2\bin\zip.dll
0x00007ffdf9170000 - 0x00007ffdf9182000 	C:\Program Files\Java\jdk-25.0.2\bin\net.dll
0x00007ffe0b330000 - 0x00007ffe0b39a000 	C:\Windows\system32\mswsock.dll
0x00007ffdeee00000 - 0x00007ffdeee16000 	C:\Program Files\Java\jdk-25.0.2\bin\nio.dll
0x00007ffdf9d60000 - 0x00007ffdf9d69000 	C:\Program Files\Java\jdk-25.0.2\bin\extnet.dll

JVMTI agents:
C:\Program Files\JetBrains\IntelliJ IDEA 2025.1.1.1\lib\idea_rt.jar path:C:\Program Files\Java\jdk-25.0.2\bin\instrument.dll, loaded, initialized, instrumentlib options:61967
C:\Users\User\AppData\Local\Temp\idea_libasyncProfiler_dll_temp_folder\libasyncProfiler.dll path:C:\Users\User\AppData\Local\Temp\idea_libasyncProfiler_dll_temp_folder\libasyncProfiler.dll, loaded, initialized, options:start,jfr,event=wall,interval=10ms,jfrsync=profile,cstack=no,file=C:\Users\User\IdeaSnapshots\BillingSystemApplication_2026_03_21_200131.jfr,dbghelppath=C:\Users\User\AppData\Local\Temp\idea_dbghelp_dll_temp_folder\dbghelp.dll,log=C:\Users\User\AppData\Local\Temp\BillingSystemApplication_2026_03_21_200131.jfr.log.txt,logLevel=DEBUG

dbghelp: loaded successfully - version: 4.0.5 - missing functions: none
symbol engine: initialized successfully - sym options: 0x614 - pdb path: .;C:\Program Files\Java\jdk-25.0.2\bin;C:\Windows\SYSTEM32;C:\Windows\WinSxS\amd64_microsoft.windows.common-controls_6595b64144ccf1df_6.0.19041.6456_none_60b8a6cb71f64256;C:\Program Files\Java\jdk-25.0.2\bin\server;C:\Users\User\AppData\Local\Temp\idea_libasyncProfiler_dll_temp_folder

VM Arguments:
jvm_args: -XX:TieredStopAtLevel=1 -Dspring.output.ansi.enabled=always -Dcom.sun.management.jmxremote -Dspring.jmx.enabled=true -Dspring.liveBeansView.mbeanDomain -Dspring.application.admin.enabled=true -Dmanagement.endpoints.jmx.exposure.include=* -javaagent:C:\Program Files\JetBrains\IntelliJ IDEA 2025.1.1.1\lib\idea_rt.jar=61967 -agentpath:C:\Users\User\AppData\Local\Temp\idea_libasyncProfiler_dll_temp_folder\libasyncProfiler.dll=start,jfr,event=wall,interval=10ms,jfrsync=profile,cstack=no,file=C:\Users\User\IdeaSnapshots\BillingSystemApplication_2026_03_21_200131.jfr,dbghelppath=C:\Users\User\AppData\Local\Temp\idea_dbghelp_dll_temp_folder\dbghelp.dll,log=C:\Users\User\AppData\Local\Temp\BillingSystemApplication_2026_03_21_200131.jfr.log.txt,logLevel=DEBUG -Dfile.encoding=UTF-8 -Dsun.stdout.encoding=UTF-8 -Dsun.stderr.encoding=UTF-8 
java_command: com.urbanplate.billing.BillingSystemApplication
java_class_path (initial): C:\Users\User\Desktop\billing system\billing-system\target\classes;C:\Users\User\.m2\repository\ch\qos\logback\logback-classic\1.5.32\logback-classic-1.5.32.jar;C:\Users\User\.m2\repository\ch\qos\logback\logback-core\1.5.32\logback-core-1.5.32.jar;C:\Users\User\.m2\repository\org\slf4j\slf4j-api\2.0.17\slf4j-api-2.0.17.jar;C:\Users\User\.m2\repository\org\springframework\boot\spring-boot-starter-data-jpa\3.5.12\spring-boot-starter-data-jpa-3.5.12.jar;C:\Users\User\.m2\repository\org\springframework\boot\spring-boot-starter\3.5.12\spring-boot-starter-3.5.12.jar;C:\Users\User\.m2\repository\org\springframework\boot\spring-boot-starter-logging\3.5.12\spring-boot-starter-logging-3.5.12.jar;C:\Users\User\.m2\repository\org\apache\logging\log4j\log4j-to-slf4j\2.24.3\log4j-to-slf4j-2.24.3.jar;C:\Users\User\.m2\repository\org\apache\logging\log4j\log4j-api\2.24.3\log4j-api-2.24.3.jar;C:\Users\User\.m2\repository\org\slf4j\jul-to-slf4j\2.0.17\jul-to-slf4j-2.0.17.jar;C:\Users\User\.m2\repository\jakarta\annotation\jakarta.annotation-api\2.1.1\jakarta.annotation-api-2.1.1.jar;C:\Users\User\.m2\repository\org\yaml\snakeyaml\2.4\snakeyaml-2.4.jar;C:\Users\User\.m2\repository\org\springframework\boot\spring-boot-starter-jdbc\3.5.12\spring-boot-starter-jdbc-3.5.12.jar;C:\Users\User\.m2\repository\com\zaxxer\HikariCP\6.3.3\HikariCP-6.3.3.jar;C:\Users\User\.m2\repository\org\springframework\spring-jdbc\6.2.17\spring-jdbc-6.2.17.jar;C:\Users\User\.m2\repository\org\hibernate\orm\hibernate-core\6.6.44.Final\hibernate-core-6.6.44.Final.jar;C:\Users\User\.m2\repository\jakarta\persistence\jakarta.persistence-api\3.1.0\jakarta.persistence-api-3.1.0.jar;C:\Users\User\.m2\repository\jakarta\transaction\jakarta.transaction-api\2.0.1\jakarta.transaction-api-2.0.1.jar;C:\Users\User\.m2\repository\org\jboss\logging\jboss-logging\3.6.3.Final\jboss-logging-3.6.3.Final.jar;C:\Users\User\.m2\repository\org\hibernate\common\hibernate-commons-annotations\7.0.3.Final\hibernate-commons-annotations-7.0.3.Final.jar;C:\Users\User\.m2\repository\io\smallrye\jandex\3.2.0\jandex-3.2.0.jar;C:\Users\User\.m2\repository\com\fasterxml\classmate\1.7.3\classmate-1.7.3.jar;C:\Users\User\.m2\repository\net\bytebuddy\byte-buddy\1.17.8\byte-buddy-1.17.8.jar;C:\Users\User\.m2\repository\org\glassfish\jaxb\jaxb-runtime\4.0.6\jaxb-runtime-4.0.6.jar;C:\Users\User\.m2\repository\org\glassfish\jaxb\jaxb-core\4.0.6\jaxb-core-4.0.6.jar;C:\Users\User\.m2\repository\org\eclipse\angus\angus-activation\2.0.3\angus-activation-2.0.3.jar;C:\Users\User\.m2\repository\org\glassfish\jaxb\txw2\4.0.6\txw2-4.0.6.jar;C:\Users\User\.m2\repository\com\sun\istack\istack-commons-runtime\4.1.2\istack-commons-runtime-4.1.2.jar;C:\Users\User\.m2\repository\jakarta\inject\jakarta.inject-api\2.0.1\jakarta.inject-api-2.0.1.jar;C:\Users\User\.m2\repository\org\antlr\antlr4-runtime\4.13.0\antlr4-runtime-4.13.0.jar;C:\Users\User\.m2\repository\org\springframework\data\spring-data-jpa\3.5.10\spring-data-jpa-3.5.10.jar;C:\Users\User\.m2\repository\org\springframework\data\spring-data-commons\3.5.10\spring-data-commons-3.5.10.jar;C:\Users\User\.m2\repository\org\springframework\spring-orm\6.2.17\spring-orm-6.2.17.jar;C:\Users\User\.m2\repository\org\springframework\spring-context\6.2.17\spring-context-6.2.17.jar;C:\Users\User\.m2\repository\org\springframework\spring-aop\6.2.17\spring-aop-6.2.17.jar;C:\Users\User\.m2\repository\org\springframework\spring-tx\6.2.17\spring-tx-6.2.17.jar;C:\Users\User\.m2\repository\org\springframework\spring-beans\6.2.17\spring-beans-6.2.17.jar;C:\Users\User\.m2\repository\org\springframework\spring-aspects\6.2.17\spring-aspects-6.2.17.jar;C:\Users\User\.m2\repository\org\aspectj\aspectjweaver\1.9.25.1\aspectjweaver-1.9.25.1.jar;C:\Users\User\.m2\repository\org\springframework\boot\spring-boot-starter-web\3.5.12\spring-boot-starter-web-3.5.12.jar;C:\Users\User\.m2\repository\org\springframework\boot\spring-boot-starter-json\3.5.12\spring-boot-starter-json-3.5.12.jar;C:\Users\User\.m2\repository\com\fasterxml\jackson\core\jackson-databind\2.19.4\jackson-databind-2.19.4.jar;C:\Users\User\.m2\repository\com\fasterxml\jackson\core\jackson-annotations\2.19.4\jackson-annotations-2.19.4.jar;C:\Users\User\.m2\repository\com\fasterxml\jackson\core\jackson-core\2.19.4\jackson-core-2.19.4.jar;C:\Users\User\.m2\repository\com\fasterxml\jackson\datatype\jackson-datatype-jdk8\2.19.4\jackson-datatype-jdk8-2.19.4.jar;C:\Users\User\.m2\repository\com\fasterxml\jackson\datatype\jackson-datatype-jsr310\2.19.4\jackson-datatype-jsr310-2.19.4.jar;C:\Users\User\.m2\repository\com\fasterxml\jackson\module\jackson-module-parameter-names\2.19.4\jackson-module-parameter-names-2.19.4.jar;C:\Users\User\.m2\repository\org\springframework\boot\spring-boot-starter-tomcat\3.5.12\spring-boot-starter-tomcat-3.5.12.jar;C:\Users\User\.m2\repository\org\apache\tomcat\embed\tomcat-embed-core\10.1.52\tomcat-embed-core-10.1.52.jar;C:\Users\User\.m2\repository\org\apache\tomcat\embed\tomcat-embed-websocket\10.1.52\tomcat-embed-websocket-10.1.52.jar;C:\Users\User\.m2\repository\org\springframework\spring-web\6.2.17\spring-web-6.2.17.jar;C:\Users\User\.m2\repository\io\micrometer\micrometer-observation\1.15.10\micrometer-observation-1.15.10.jar;C:\Users\User\.m2\repository\io\micrometer\micrometer-commons\1.15.10\micrometer-commons-1.15.10.jar;C:\Users\User\.m2\repository\org\springframework\spring-webmvc\6.2.17\spring-webmvc-6.2.17.jar;C:\Users\User\.m2\repository\org\springframework\spring-expression\6.2.17\spring-expression-6.2.17.jar;C:\Users\User\.m2\repository\org\springframework\boot\spring-boot-starter-validation\3.5.12\spring-boot-starter-validation-3.5.12.jar;C:\Users\User\.m2\repository\org\apache\tomcat\embed\tomcat-embed-el\10.1.52\tomcat-embed-el-10.1.52.jar;C:\Users\User\.m2\repository\org\hibernate\validator\hibernate-validator\8.0.3.Final\hibernate-validator-8.0.3.Final.jar;C:\Users\User\.m2\repository\jakarta\validation\jakarta.validation-api\3.0.2\jakarta.validation-api-3.0.2.jar;C:\Users\User\.m2\repository\org\springframework\boot\spring-boot-devtools\3.5.12\spring-boot-devtools-3.5.12.jar;C:\Users\User\.m2\repository\org\springframework\boot\spring-boot\3.5.12\spring-boot-3.5.12.jar;C:\Users\User\.m2\repository\org\springframework\boot\spring-boot-autoconfigure\3.5.12\spring-boot-autoconfigure-3.5.12.jar;C:\Users\User\.m2\repository\com\microsoft\sqlserver\mssql-jdbc\12.8.1.jre11\mssql-jdbc-12.8.1.jre11.jar;C:\Users\User\.m2\repository\org\projectlombok\lombok\1.18.44\lombok-1.18.44.jar;C:\Users\User\.m2\repository\jakarta\xml\bind\jakarta.xml.bind-api\4.0.4\jakarta.xml.bind-api-4.0.4.jar;C:\Users\User\.m2\repository\jakarta\activation\jakarta.activation-api\2.1.4\jakarta.activation-api-2.1.4.jar;C:\Users\User\.m2\repository\org\springframework\spring-core\6.2.17\spring-core-6.2.17.jar;C:\Users\User\.m2\repository\org\springframework\spring-jcl\6.2.17\spring-jcl-6.2.17.jar
Launcher Type: SUN_STANDARD

[Global flags]
     intx CICompilerCount                          = 3                                         {product} {ergonomic}
     uint ConcGCThreads                            = 1                                         {product} {ergonomic}
     bool FlightRecorder                           = true                                      {product} {management}
     uint G1ConcRefinementThreads                  = 4                                         {product} {ergonomic}
   size_t G1HeapRegionSize                         = 1048576                                   {product} {ergonomic}
   size_t InitialHeapSize                          = 67108864                                  {product} {ergonomic}
     bool ManagementServer                         = true                                      {product} {command line}
   size_t MarkStackSize                            = 4194304                                   {product} {ergonomic}
   size_t MarkStackSizeMax                         = 536870912                                 {product} {ergonomic}
   size_t MaxHeapSize                              = 1042284544                                {product} {ergonomic}
   size_t MaxNewSize                               = 624951296                                 {product} {ergonomic}
   size_t MinHeapDeltaBytes                        = 1048576                                   {product} {ergonomic}
   size_t MinHeapSize                              = 8388608                                   {product} {ergonomic}
    uintx NonNMethodCodeHeapSize                   = 4096                                   {pd product} {ergonomic}
    uintx NonProfiledCodeHeapSize                  = 0                                      {pd product} {ergonomic}
     bool ProfileInterpreter                       = false                                  {pd product} {command line}
    uintx ProfiledCodeHeapSize                     = 0                                      {pd product} {ergonomic}
   size_t SoftMaxHeapSize                          = 1042284544                             {manageable} {ergonomic}
     intx TieredStopAtLevel                        = 1                                         {product} {command line}
     bool UseCompressedOops                        = true                           {product lp64_product} {ergonomic}
     bool UseG1GC                                  = true                                      {product} {ergonomic}
     bool UseLargePagesIndividualAllocation        = false                                  {pd product} {ergonomic}

Logging:
Log output configuration:
 #0: stdout all=warning uptime,level,tags foldmultilines=false
 #1: stderr all=off uptime,level,tags foldmultilines=false

Release file:
<release file has not been read>
Environment Variables:
JAVA_HOME=C:\Program Files\Java\jdk-25.0.2
PATH=C:\Program Files\Common Files\Oracle\Java\javapath;C:\Windows\system32;C:\Windows;C:\Windows\System32\Wbem;C:\Windows\System32\WindowsPowerShell\v1.0\;C:\Windows\System32\OpenSSH\;C:\Program Files\Java\jdk-23\bin;C:\Program Files\Git\cmd;C:\Program Files\Java\jdk-25.0.2\bin;C:\Program Files\Azure Data Studio\bin;C:\Users\User\AppData\Local\Python\pythoncore-3.14-64\Lib\venv\scripts;C:\Users\User\AppData\Local\Python\pythoncore-3.14-64;C:\Program Files\Java\jdk-23\bin;C:\Program Files (x86)\Microsoft SQL Server\170\Tools\Binn\;C:\Program Files\Microsoft SQL Server\170\Tools\Binn\;C:\Program Files\Microsoft SQL Server\Client SDK\ODBC\180\Tools\Binn\;C:\Program Files\Microsoft SQL Server\170\DTS\Binn\;C:\Program Files (x86)\Microsoft SQL Server\150\DTS\Binn\;C:\Users\User\AppData\Local\Microsoft\WindowsApps;;C:\Program Files\JetBrains\IntelliJ IDEA Community Edition 2025.1.2\bin;;C:\Program Files\Azure Data Studio\bin;C:\Users\User\AppData\Local\Programs\Microsoft VS Code\bin
USERNAME=User
OS=Windows_NT
PROCESSOR_IDENTIFIER=Intel64 Family 6 Model 142 Stepping 12, GenuineIntel
TMP=C:\Users\User\AppData\Local\Temp
TEMP=C:\Users\User\AppData\Local\Temp




Compilation memory statistics disabled.

Periodic native trim disabled

---------------  S Y S T E M  ---------------

OS:
 Windows 10 , 64 bit Build 19041 (10.0.19041.5915)
OS uptime: 1 days 9:00 hours

CPU: total 4 (initial active 4) (2 cores per cpu, 2 threads per core) family 6 model 142 stepping 12 microcode 0xf8, cx8, cmov, fxsr, ht, mmx, 3dnowpref, sse, sse2, sse3, ssse3, sse4.1, sse4.2, popcnt, lzcnt, tsc, tscinvbit, aes, erms, clmul, clflush, clflushopt, rdtscp
Processor Information for the first 4 processors :
  Max Mhz: 2304, Current Mhz: 2304, Mhz Limit: 2304

Memory: 4k page, system-wide physical 3973M (411M free)
TotalPageFile size 13189M (AvailPageFile size 4503M)
current process WorkingSet (physical memory assigned to process): 15M, peak: 73M
current process commit charge ("private bytes"): 176M, peak: 176M

vm_info: Java HotSpot(TM) 64-Bit Server VM (25.0.2+10-LTS-69) for windows-amd64 JRE (25.0.2+10-LTS-69), built on 2025-12-18T11:36:35Z with MS VC++ 17.13 (VS2022)

END.
